<?xml version="1.0" encoding="UTF-8"?>
<!-- Generated by org.testng.reporters.JUnitReportReporter -->
<testsuite hostname="bcedbeeced305296129dffcbbfbdaaftwo-0" failures="0" tests="1" name="runner.Testcase3" time="3.413" errors="1" timestamp="2023-09-21T11:15:18 UTC" skipped="0">
  <testcase classname="runner.Testcase3" name="TC_003" time="3.413">
    <error message="Unresolved compilation problems: 
	The import utils.ReadPropertyFile cannot be resolved
	The import utils.ExcelReader cannot be resolved
	The import utils.LoggerHandler cannot be resolved
	The import utils.Screenshot cannot be resolved
	The import utils.ExcelReader cannot be resolved
	The import utils.Reporter cannot be resolved
	The import utils.LoggerHandler cannot be resolved
	ExcelReader cannot be resolved to a type
	LoggerHandler cannot be resolved
	ExcelReader cannot be resolved to a type
	ExcelReader cannot be resolved to a type
	Reporter cannot be resolved to a type
	Reporter cannot be resolved to a type
	ReadPropertyFile cannot be resolved to a type
	ReadPropertyFile cannot be resolved to a type
	ReadPropertyFile cannot be resolved to a type
	ExcelReader cannot be resolved to a type
	ExcelReader cannot be resolved to a type
	ExcelReader cannot be resolved to a type
	Reporter cannot be resolved
	Screenshot cannot be resolved
	LoggerHandler cannot be resolved
	LoggerHandler cannot be resolved
	LoggerHandler cannot be resolved
	LoggerHandler cannot be resolved
	LoggerHandler cannot be resolved
	LoggerHandler cannot be resolved
	LoggerHandler cannot be resolved
	LoggerHandler cannot be resolved
	LoggerHandler cannot be resolved
	Reporter cannot be resolved
	Reporter cannot be resolved
	Reporter cannot be resolved
	Reporter cannot be resolved
" type="java.lang.Error">
      <![CDATA[java.lang.Error: Unresolved compilation problems: 
The import utils.ReadPropertyFile cannot be resolved
The import utils.ExcelReader cannot be resolved
The import utils.LoggerHandler cannot be resolved
The import utils.Screenshot cannot be resolved
The import utils.ExcelReader cannot be resolved
The import utils.Reporter cannot be resolved
The import utils.LoggerHandler cannot be resolved
ExcelReader cannot be resolved to a type
LoggerHandler cannot be resolved
ExcelReader cannot be resolved to a type
ExcelReader cannot be resolved to a type
Reporter cannot be resolved to a type
Reporter cannot be resolved to a type
ReadPropertyFile cannot be resolved to a type
ReadPropertyFile cannot be resolved to a type
ReadPropertyFile cannot be resolved to a type
ExcelReader cannot be resolved to a type
ExcelReader cannot be resolved to a type
ExcelReader cannot be resolved to a type
Reporter cannot be resolved
Screenshot cannot be resolved
LoggerHandler cannot be resolved
LoggerHandler cannot be resolved
LoggerHandler cannot be resolved
LoggerHandler cannot be resolved
LoggerHandler cannot be resolved
LoggerHandler cannot be resolved
LoggerHandler cannot be resolved
LoggerHandler cannot be resolved
LoggerHandler cannot be resolved
Reporter cannot be resolved
Reporter cannot be resolved
Reporter cannot be resolved
Reporter cannot be resolved

at pages.homepage.<init>(homepage.java:19)
at runner.Testcase3.TC_003(Testcase3.java:33)
at java.base/jdk.internal.reflect.NativeMethodAccessorImpl.invoke0(Native Method)
at java.base/jdk.internal.reflect.NativeMethodAccessorImpl.invoke(NativeMethodAccessorImpl.java:62)
at java.base/jdk.internal.reflect.DelegatingMethodAccessorImpl.invoke(DelegatingMethodAccessorImpl.java:43)
at java.base/java.lang.reflect.Method.invoke(Method.java:566)
at org.testng.internal.invokers.MethodInvocationHelper.invokeMethod(MethodInvocationHelper.java:139)
at org.testng.internal.invokers.TestInvoker.invokeMethod(TestInvoker.java:664)
at org.testng.internal.invokers.TestInvoker.invokeTestMethod(TestInvoker.java:227)
at org.testng.internal.invokers.MethodRunner.runInSequence(MethodRunner.java:50)
at org.testng.internal.invokers.TestInvoker$MethodInvocationAgent.invoke(TestInvoker.java:957)
at org.testng.internal.invokers.TestInvoker.invokeTestMethods(TestInvoker.java:200)
at org.testng.internal.invokers.TestMethodWorker.invokeTestMethods(TestMethodWorker.java:148)
at org.testng.internal.invokers.TestMethodWorker.run(TestMethodWorker.java:128)
at java.base/java.util.ArrayList.forEach(ArrayList.java:1541)
at org.testng.TestRunner.privateRun(TestRunner.java:848)
at org.testng.TestRunner.run(TestRunner.java:621)
at org.testng.SuiteRunner.runTest(SuiteRunner.java:443)
at org.testng.SuiteRunner.runSequentially(SuiteRunner.java:437)
at org.testng.SuiteRunner.privateRun(SuiteRunner.java:397)
at org.testng.SuiteRunner.run(SuiteRunner.java:336)
at org.testng.SuiteRunnerWorker.runSuite(SuiteRunnerWorker.java:52)
at org.testng.SuiteRunnerWorker.run(SuiteRunnerWorker.java:95)
at org.testng.TestNG.runSuitesSequentially(TestNG.java:1280)
at org.testng.TestNG.runSuitesLocally(TestNG.java:1200)
at org.testng.TestNG.runSuites(TestNG.java:1114)
at org.testng.TestNG.run(TestNG.java:1082)
at org.apache.maven.surefire.testng.TestNGExecutor.run(TestNGExecutor.java:135)
at org.apache.maven.surefire.testng.TestNGDirectoryTestSuite.executeMulti(TestNGDirectoryTestSuite.java:193)
at org.apache.maven.surefire.testng.TestNGDirectoryTestSuite.execute(TestNGDirectoryTestSuite.java:94)
at org.apache.maven.surefire.testng.TestNGProvider.invoke(TestNGProvider.java:146)
at org.apache.maven.surefire.booter.ForkedBooter.invokeProviderInSameClassLoader(ForkedBooter.java:384)
at org.apache.maven.surefire.booter.ForkedBooter.runSuitesInProcess(ForkedBooter.java:345)
at org.apache.maven.surefire.booter.ForkedBooter.execute(ForkedBooter.java:126)
at org.apache.maven.surefire.booter.ForkedBooter.main(ForkedBooter.java:418)
]]>
    </error>
  </testcase> <!-- TC_003 -->
</testsuite> <!-- runner.Testcase3 -->
