<?xml version="1.0" encoding="UTF-8"?>
<!-- Generated by org.testng.reporters.JUnitReportReporter -->
<testsuite hostname="bcedbeeced305296129dffcbbfbdaaftwo-0" failures="0" tests="1" name="runner.Testcase1" time="12.241" errors="0" timestamp="2023-09-21T10:50:39 UTC" skipped="0">
  <testcase classname="runner.Testcase1" name="TC_001" time="12.241"/>
</testsuite> <!-- runner.Testcase1 -->
